<?xml version="1.0" encoding="UTF-8"?>
<beans xmlns="http://www.springframework.org/schema/beans"
	xmlns:xsi="http://www.w3.org/2001/XMLSchema-instance"
	xsi:schemaLocation="http://www.springframework.org/schema/beans
	http://www.springframework.org/schema/beans/spring-beans-3.0.xsd">
	<bean id="dataSource" class="org.springframework.jdbc.datasource.SimpleDriverDataSource">
		<property name="driverClass" value="oracle.jdbc.driver.OracleDriver" />
		<property name="url" value="jdbc:oracle:thin:@localhost:1521:xe" />
		<property name="username" value="test" />
		<property name="password" value="test" />
	</bean>
	<bean id="userDao" class="springbook.user.dao.UserDaoJdbc">
		<property name="dataSource" ref="dataSource" />
	</bean>
	<bean id="userServiceImpl" class="springbook.user.service.UserServiceImpl">
		<property name="userDao" ref="userDao" />
		<property name="mailSender" ref="mailSender" />
	</bean>
	<bean id="transactionManager" class="org.springframework.jdbc.datasource.DataSourceTransactionManager">
		<property name="dataSource" ref="dataSource" />
	</bean>
	<!-- bean id="mailSender" class="org.springframework.mail.javamail.JavaMailSenderImpl" -->
		<!-- property name="host" ref="mail.server.com" /-->
	<!-- /bean -->
	<bean id="mailSender" class="springbook.user.service.DummyMailSender" />
	<bean id="userService" class="springbook.user.service.UserServiceTx">
		<property name="userService" ref="userServiceImpl" />
		<property name="transactionManager" ref="transactionManager" />
	</bean>
</beans>